0 info it worked if it ends with ok
1 verbose cli [ 'C:\\Program Files\\nodejs\\node.exe',
1 verbose cli   'C:\\Program Files\\nodejs\\node_modules\\npm\\bin\\npm-cli.js',
1 verbose cli   'start' ]
2 info using npm@3.10.10
3 info using node@v6.9.4
4 verbose run-script [ 'prestart', 'start', 'poststart' ]
5 info lifecycle neuralnet@0.0.0~prestart: neuralnet@0.0.0
6 silly lifecycle neuralnet@0.0.0~prestart: no script for prestart, continuing
7 info lifecycle neuralnet@0.0.0~start: neuralnet@0.0.0
8 verbose lifecycle neuralnet@0.0.0~start: unsafe-perm in lifecycle true
9 verbose lifecycle neuralnet@0.0.0~start: PATH: C:\Program Files\nodejs\node_modules\npm\bin\node-gyp-bin;d:\Web_develop\neuralnet\node_modules\.bin;C:\ProgramData\Oracle\Java\javapath;C:\Windows\system32;C:\Windows;C:\Windows\System32\Wbem;C:\Windows\System32\WindowsPowerShell\v1.0\;C:\Program Files (x86)\NVIDIA Corporation\PhysX\Common;C:\Program Files (x86)\Skype\Phone\;C:\WINDOWS\system32;C:\WINDOWS;C:\WINDOWS\System32\Wbem;C:\WINDOWS\System32\WindowsPowerShell\v1.0\;C:\Program Files (x86)\scala\bin;C:\Program Files\MATLAB\R2016a\runtime\win64;C:\Program Files\MATLAB\R2016a\bin;C:\Program Files\MATLAB\R2016a\polyspace\bin;C:\Program Files (x86)\sbt\\bin;C:\Program Files\MySQL\MySQL Utilities 1.6\;C:\Program Files\MongoDB\Server\3.2\bin\;C:\Program Files\TortoiseSVN\bin;C:\Program Files\erl8.0\bin;C:\Program Files (x86)\Elixir\bin;C:\WINDOWS\system32\config\systemprofile\.mix\escripts;C:\Program Files\Git\cmd;C:\Program Files\nodejs\;C:\Users\Marci\Anaconda2;C:\Users\Marci\Anaconda2\Scripts;C:\Users\Marci\Anaconda2\Library\bin;C:\Users\Marci\AppData\Local\Programs\Python\Python35-32\Scripts\;C:\Users\Marci\AppData\Local\Programs\Python\Python35-32\;C:\Users\Marci\AppData\Local\atom\bin;C:\Program Files (x86)\Microsoft VS Code\bin;C:\Program Files\Docker Toolbox;C:\Users\Marci\AppData\Local\Microsoft\WindowsApps;C:\Users\Marci\AppData\Local\.meteor\;C:\Users\Marci\AppData\Roaming\npm\;C:\Program Files\Java\jdk1.8.0_101;C:\Program Files\Heroku\bin;C:\Users\Marci\AppData\Roaming\npm;C:\Users\Marci\AppData\Local\Android\sdk\platform-tools
10 verbose lifecycle neuralnet@0.0.0~start: CWD: d:\Web_develop\neuralnet
11 silly lifecycle neuralnet@0.0.0~start: Args: [ '/d /s /c',
11 silly lifecycle   'webpack-dev-server --history-api-fallback --no-info --open' ]
12 silly lifecycle neuralnet@0.0.0~start: Returned: code: 3221225786  signal: null
13 info lifecycle neuralnet@0.0.0~start: Failed to exec start script
14 verbose stack Error: neuralnet@0.0.0 start: `webpack-dev-server --history-api-fallback --no-info --open`
14 verbose stack Exit status 3221225786
14 verbose stack     at EventEmitter.<anonymous> (C:\Program Files\nodejs\node_modules\npm\lib\utils\lifecycle.js:255:16)
14 verbose stack     at emitTwo (events.js:106:13)
14 verbose stack     at EventEmitter.emit (events.js:191:7)
14 verbose stack     at ChildProcess.<anonymous> (C:\Program Files\nodejs\node_modules\npm\lib\utils\spawn.js:40:14)
14 verbose stack     at emitTwo (events.js:106:13)
14 verbose stack     at ChildProcess.emit (events.js:191:7)
14 verbose stack     at maybeClose (internal/child_process.js:877:16)
14 verbose stack     at Process.ChildProcess._handle.onexit (internal/child_process.js:226:5)
15 verbose pkgid neuralnet@0.0.0
16 verbose cwd d:\Web_develop\neuralnet
17 error Windows_NT 10.0.14393
18 error argv "C:\\Program Files\\nodejs\\node.exe" "C:\\Program Files\\nodejs\\node_modules\\npm\\bin\\npm-cli.js" "start"
19 error node v6.9.4
20 error npm  v3.10.10
21 error code ELIFECYCLE
22 error neuralnet@0.0.0 start: `webpack-dev-server --history-api-fallback --no-info --open`
22 error Exit status 3221225786
23 error Failed at the neuralnet@0.0.0 start script 'webpack-dev-server --history-api-fallback --no-info --open'.
23 error Make sure you have the latest version of node.js and npm installed.
23 error If you do, this is most likely a problem with the neuralnet package,
23 error not with npm itself.
23 error Tell the author that this fails on your system:
23 error     webpack-dev-server --history-api-fallback --no-info --open
23 error You can get information on how to open an issue for this project with:
23 error     npm bugs neuralnet
23 error Or if that isn't available, you can get their info via:
23 error     npm owner ls neuralnet
23 error There is likely additional logging output above.
24 verbose exit [ 1, true ]
